<?xml version="1.0" encoding="UTF-8"?>
<!-- Generated by org.testng.reporters.JUnitReportReporter -->
<testsuite skipped="0" hostname="DESKTOP-ADC5SDR" name="com.SpaSelenium.testScript.LoginPageTest" tests="2" failures="0" timestamp="11 Mar 2019 15:32:54 GMT" time="6.471" errors="1">
  <testcase name="VerifyPageHomePageTitle" time="6.455" classname="com.SpaSelenium.testScript.LoginPageTest"/>
  <testcase name="postCondition" time="0.016" classname="com.SpaSelenium.testScript.LoginPageTest">
    <error type="java.lang.RuntimeException" message="java.lang.IllegalAccessException: Can not set static final org.openqa.selenium.WebElement field com.Spa.objectrepository.HomePageRepo.MastersLinkText to com.sun.proxy.$Proxy14">
      <![CDATA[java.lang.RuntimeException: java.lang.IllegalAccessException: Can not set static final org.openqa.selenium.WebElement field com.Spa.objectrepository.HomePageRepo.MastersLinkText to com.sun.proxy.$Proxy14
at org.openqa.selenium.support.PageFactory.proxyFields(PageFactory.java:119)
at org.openqa.selenium.support.PageFactory.initElements(PageFactory.java:105)
at org.openqa.selenium.support.PageFactory.initElements(PageFactory.java:92)
at org.openqa.selenium.support.PageFactory.initElements(PageFactory.java:79)
at org.openqa.selenium.support.PageFactory.initElements(PageFactory.java:65)
at com.SpaSelenium.generic.lib.BaseClass.postCondition(BaseClass.java:103)
at sun.reflect.NativeMethodAccessorImpl.invoke0(Native Method)
at sun.reflect.NativeMethodAccessorImpl.invoke(Unknown Source)
at sun.reflect.DelegatingMethodAccessorImpl.invoke(Unknown Source)
at java.lang.reflect.Method.invoke(Unknown Source)
at org.testng.internal.MethodInvocationHelper.invokeMethod(MethodInvocationHelper.java:124)
at org.testng.internal.MethodInvocationHelper.invokeMethodConsideringTimeout(MethodInvocationHelper.java:59)
at org.testng.internal.Invoker.invokeConfigurationMethod(Invoker.java:455)
at org.testng.internal.Invoker.invokeConfigurations(Invoker.java:222)
at org.testng.internal.Invoker.invokeMethod(Invoker.java:643)
at org.testng.internal.Invoker.invokeTestMethod(Invoker.java:716)
at org.testng.internal.Invoker.invokeTestMethods(Invoker.java:988)
at org.testng.internal.TestMethodWorker.invokeTestMethods(TestMethodWorker.java:125)
at org.testng.internal.TestMethodWorker.run(TestMethodWorker.java:109)
at org.testng.TestRunner.privateRun(TestRunner.java:648)
at org.testng.TestRunner.run(TestRunner.java:505)
at org.testng.SuiteRunner.runTest(SuiteRunner.java:455)
at org.testng.SuiteRunner.runSequentially(SuiteRunner.java:450)
at org.testng.SuiteRunner.privateRun(SuiteRunner.java:415)
at org.testng.SuiteRunner.run(SuiteRunner.java:364)
at org.testng.SuiteRunnerWorker.runSuite(SuiteRunnerWorker.java:52)
at org.testng.SuiteRunnerWorker.run(SuiteRunnerWorker.java:84)
at org.testng.TestNG.runSuitesSequentially(TestNG.java:1208)
at org.testng.TestNG.runSuitesLocally(TestNG.java:1137)
at org.testng.TestNG.runSuites(TestNG.java:1049)
at org.testng.TestNG.run(TestNG.java:1017)
at org.testng.remote.AbstractRemoteTestNG.run(AbstractRemoteTestNG.java:114)
at org.testng.remote.RemoteTestNG.initAndRun(RemoteTestNG.java:251)
at org.testng.remote.RemoteTestNG.main(RemoteTestNG.java:77)
Caused by: java.lang.IllegalAccessException: Can not set static final org.openqa.selenium.WebElement field com.Spa.objectrepository.HomePageRepo.MastersLinkText to com.sun.proxy.$Proxy14
at sun.reflect.UnsafeFieldAccessorImpl.throwFinalFieldIllegalAccessException(Unknown Source)
at sun.reflect.UnsafeFieldAccessorImpl.throwFinalFieldIllegalAccessException(Unknown Source)
at sun.reflect.UnsafeQualifiedStaticObjectFieldAccessorImpl.set(Unknown Source)
at java.lang.reflect.Field.set(Unknown Source)
at org.openqa.selenium.support.PageFactory.proxyFields(PageFactory.java:117)
... 33 more
]]>
    </error>
  </testcase> <!-- postCondition -->
</testsuite> <!-- com.SpaSelenium.testScript.LoginPageTest -->
