<?xml version="1.0" encoding="UTF-8"?>
<testng-results skipped="0" failed="1" ignored="0" total="1" passed="0">
  <reporter-output>
    <line>
      <![CDATA[To Connected to DataBase]]>
    </line>
    <line>
      <![CDATA[Get a Url]]>
    </line>
    <line>
      <![CDATA[Create WebDriverWiat it will wait for Visiable of Element]]>
    </line>
    <line>
      <![CDATA[click on the logout button]]>
    </line>
    <line>
      <![CDATA[Close the browser]]>
    </line>
    <line>
      <![CDATA[Disconnected to Data Base]]>
    </line>
  </reporter-output>
  <suite name="Default suite" duration-ms="47108" started-at="2019-03-11T15:54:43Z" finished-at="2019-03-11T15:55:30Z">
    <groups>
    </groups>
    <test name="Default test" duration-ms="47108" started-at="2019-03-11T15:54:43Z" finished-at="2019-03-11T15:55:30Z">
      <class name="com.SpaSelenium.testScript.organizationPage">
        <test-method status="PASS" signature="configBS()[pri:0, instance:com.SpaSelenium.testScript.organizationPage@548e7350]" name="configBS" is-config="true" duration-ms="47" started-at="2019-03-11T15:54:43Z" finished-at="2019-03-11T15:54:43Z">
          <reporter-output>
            <line>
              <![CDATA[To Connected to DataBase]]>
            </line>
          </reporter-output>
        </test-method> <!-- configBS -->
        <test-method status="PASS" signature="LunchBrowser()[pri:0, instance:com.SpaSelenium.testScript.organizationPage@548e7350]" name="LunchBrowser" is-config="true" duration-ms="22393" started-at="2019-03-11T15:54:43Z" finished-at="2019-03-11T15:55:06Z">
          <reporter-output>
            <line>
              <![CDATA[Get a Url]]>
            </line>
          </reporter-output>
        </test-method> <!-- LunchBrowser -->
        <test-method status="PASS" signature="preCondition()[pri:0, instance:com.SpaSelenium.testScript.organizationPage@548e7350]" name="preCondition" is-config="true" duration-ms="7984" started-at="2019-03-11T15:55:06Z" finished-at="2019-03-11T15:55:14Z">
          <reporter-output>
            <line>
              <![CDATA[Create WebDriverWiat it will wait for Visiable of Element]]>
            </line>
          </reporter-output>
        </test-method> <!-- preCondition -->
        <test-method status="FAIL" signature="organizationPageShouldDisplyed()[pri:0, instance:com.SpaSelenium.testScript.organizationPage@548e7350]" name="organizationPageShouldDisplyed" duration-ms="31" started-at="2019-03-11T15:55:14Z" finished-at="2019-03-11T15:55:14Z">
          <exception class="java.lang.RuntimeException">
            <message>
              <![CDATA[java.lang.IllegalAccessException: Can not set static final org.openqa.selenium.WebElement field com.Spa.objectrepository.HomePageRepo.MastersLinkText to com.sun.proxy.$Proxy14]]>
            </message>
            <full-stacktrace>
              <![CDATA[java.lang.RuntimeException: java.lang.IllegalAccessException: Can not set static final org.openqa.selenium.WebElement field com.Spa.objectrepository.HomePageRepo.MastersLinkText to com.sun.proxy.$Proxy14
at org.openqa.selenium.support.PageFactory.proxyFields(PageFactory.java:119)
at org.openqa.selenium.support.PageFactory.initElements(PageFactory.java:105)
at org.openqa.selenium.support.PageFactory.initElements(PageFactory.java:92)
at org.openqa.selenium.support.PageFactory.initElements(PageFactory.java:79)
at org.openqa.selenium.support.PageFactory.initElements(PageFactory.java:65)
at com.SpaSelenium.testScript.organizationPage.organizationPageShouldDisplyed(organizationPage.java:18)
at sun.reflect.NativeMethodAccessorImpl.invoke0(Native Method)
at sun.reflect.NativeMethodAccessorImpl.invoke(Unknown Source)
at sun.reflect.DelegatingMethodAccessorImpl.invoke(Unknown Source)
at java.lang.reflect.Method.invoke(Unknown Source)
at org.testng.internal.MethodInvocationHelper.invokeMethod(MethodInvocationHelper.java:124)
at org.testng.internal.Invoker.invokeMethod(Invoker.java:580)
at org.testng.internal.Invoker.invokeTestMethod(Invoker.java:716)
at org.testng.internal.Invoker.invokeTestMethods(Invoker.java:988)
at org.testng.internal.TestMethodWorker.invokeTestMethods(TestMethodWorker.java:125)
at org.testng.internal.TestMethodWorker.run(TestMethodWorker.java:109)
at org.testng.TestRunner.privateRun(TestRunner.java:648)
at org.testng.TestRunner.run(TestRunner.java:505)
at org.testng.SuiteRunner.runTest(SuiteRunner.java:455)
at org.testng.SuiteRunner.runSequentially(SuiteRunner.java:450)
at org.testng.SuiteRunner.privateRun(SuiteRunner.java:415)
at org.testng.SuiteRunner.run(SuiteRunner.java:364)
at org.testng.SuiteRunnerWorker.runSuite(SuiteRunnerWorker.java:52)
at org.testng.SuiteRunnerWorker.run(SuiteRunnerWorker.java:84)
at org.testng.TestNG.runSuitesSequentially(TestNG.java:1208)
at org.testng.TestNG.runSuitesLocally(TestNG.java:1137)
at org.testng.TestNG.runSuites(TestNG.java:1049)
at org.testng.TestNG.run(TestNG.java:1017)
at org.testng.remote.AbstractRemoteTestNG.run(AbstractRemoteTestNG.java:114)
at org.testng.remote.RemoteTestNG.initAndRun(RemoteTestNG.java:251)
at org.testng.remote.RemoteTestNG.main(RemoteTestNG.java:77)
Caused by: java.lang.IllegalAccessException: Can not set static final org.openqa.selenium.WebElement field com.Spa.objectrepository.HomePageRepo.MastersLinkText to com.sun.proxy.$Proxy14
at sun.reflect.UnsafeFieldAccessorImpl.throwFinalFieldIllegalAccessException(Unknown Source)
at sun.reflect.UnsafeFieldAccessorImpl.throwFinalFieldIllegalAccessException(Unknown Source)
at sun.reflect.UnsafeQualifiedStaticObjectFieldAccessorImpl.set(Unknown Source)
at java.lang.reflect.Field.set(Unknown Source)
at org.openqa.selenium.support.PageFactory.proxyFields(PageFactory.java:117)
... 30 more
]]>
            </full-stacktrace>
          </exception> <!-- java.lang.RuntimeException -->
          <reporter-output>
          </reporter-output>
        </test-method> <!-- organizationPageShouldDisplyed -->
        <test-method status="PASS" signature="postCondition()[pri:0, instance:com.SpaSelenium.testScript.organizationPage@548e7350]" name="postCondition" is-config="true" duration-ms="12524" started-at="2019-03-11T15:55:14Z" finished-at="2019-03-11T15:55:26Z">
          <reporter-output>
            <line>
              <![CDATA[click on the logout button]]>
            </line>
          </reporter-output>
        </test-method> <!-- postCondition -->
        <test-method status="PASS" signature="closeToBrowser()[pri:0, instance:com.SpaSelenium.testScript.organizationPage@548e7350]" name="closeToBrowser" is-config="true" duration-ms="3785" started-at="2019-03-11T15:55:26Z" finished-at="2019-03-11T15:55:30Z">
          <reporter-output>
            <line>
              <![CDATA[Close the browser]]>
            </line>
          </reporter-output>
        </test-method> <!-- closeToBrowser -->
        <test-method status="PASS" signature="configAS()[pri:0, instance:com.SpaSelenium.testScript.organizationPage@548e7350]" name="configAS" is-config="true" duration-ms="0" started-at="2019-03-11T15:55:30Z" finished-at="2019-03-11T15:55:30Z">
          <reporter-output>
            <line>
              <![CDATA[Disconnected to Data Base]]>
            </line>
          </reporter-output>
        </test-method> <!-- configAS -->
      </class> <!-- com.SpaSelenium.testScript.organizationPage -->
    </test> <!-- Default test -->
  </suite> <!-- Default suite -->
</testng-results>
